[    2932ms] Uncaught TurnstileError: [Cloudflare Turnstile] Invalid input for parameter "sitekey", got "0x4AAAAAACvO3_aCAmeKYVsR
".
    at m (https://challenges.cloudflare.com/turnstile/v0/api.js:0:10470)
    at P (https://challenges.cloudflare.com/turnstile/v0/api.js:0:31091)
    at B (https://garlicton-studio-landing.vercel.app/_next/static/chunks/app/(frontend)/%5Blocale%5D/page-5ebbfa2e291e7c99.js:0:6093)
    at <anonymous> (https://garlicton-studio-landing.vercel.app/_next/static/chunks/9145-358ff354916bcfe3.js:0:13819)
[    2934ms] Uncaught TurnstileError: [Cloudflare Turnstile] Invalid or missing type for parameter "sitekey", expected "string", got "object".
    at m (https://challenges.cloudflare.com/turnstile/v0/api.js:0:10470)
    at P (https://challenges.cloudflare.com/turnstile/v0/api.js:0:30949)
    at <anonymous> (https://challenges.cloudflare.com/turnstile/v0/api.js:0:20988)
    at Wt (https://challenges.cloudflare.com/turnstile/v0/api.js:0:20958)
    at Ar (https://challenges.cloudflare.com/turnstile/v0/api.js:0:21141)
[   44699ms] [ERROR] Failed to load resource: net::ERR_NAME_NOT_RESOLVED @ https://googleads.g.doubleclick.net/pagead/id:0
[   44699ms] [ERROR] Failed to load resource: net::ERR_NAME_NOT_RESOLVED @ https://static.doubleclick.net/instream/ad_status.js:0
[   44700ms] [ERROR] Failed to load resource: net::ERR_NAME_NOT_RESOLVED @ https://static.doubleclick.net/instream/ad_status.js:0
[   44701ms] [ERROR] Failed to load resource: net::ERR_NAME_NOT_RESOLVED @ https://googleads.g.doubleclick.net/pagead/id:0
[   44701ms] [ERROR] Failed to load resource: net::ERR_NAME_NOT_RESOLVED @ https://static.doubleclick.net/instream/ad_status.js:0
[   44701ms] [ERROR] Failed to load resource: net::ERR_NAME_NOT_RESOLVED @ https://googleads.g.doubleclick.net/pagead/id:0
[   44701ms] [ERROR] Failed to load resource: net::ERR_NAME_NOT_RESOLVED @ https://static.doubleclick.net/instream/ad_status.js:0
[   44702ms] [ERROR] Failed to load resource: net::ERR_NAME_NOT_RESOLVED @ https://googleads.g.doubleclick.net/pagead/id:0
[   44702ms] [ERROR] Failed to load resource: net::ERR_NAME_NOT_RESOLVED @ https://static.doubleclick.net/instream/ad_status.js:0
[   44702ms] [ERROR] Failed to load resource: net::ERR_NAME_NOT_RESOLVED @ https://googleads.g.doubleclick.net/pagead/id:0
[   44703ms] [ERROR] Failed to load resource: net::ERR_NAME_NOT_RESOLVED @ https://googleads.g.doubleclick.net/pagead/id:0
[   44703ms] [ERROR] Failed to load resource: net::ERR_NAME_NOT_RESOLVED @ https://static.doubleclick.net/instream/ad_status.js:0
[   44699ms] [ERROR] Failed to load resource: net::ERR_NAME_NOT_RESOLVED @ https://googleads.g.doubleclick.net/pagead/id:0
[   44699ms] [ERROR] Failed to load resource: net::ERR_NAME_NOT_RESOLVED @ https://static.doubleclick.net/instream/ad_status.js:0
[   44700ms] [ERROR] Failed to load resource: net::ERR_NAME_NOT_RESOLVED @ https://static.doubleclick.net/instream/ad_status.js:0
[   44701ms] [ERROR] Failed to load resource: net::ERR_NAME_NOT_RESOLVED @ https://googleads.g.doubleclick.net/pagead/id:0
[   44701ms] [ERROR] Failed to load resource: net::ERR_NAME_NOT_RESOLVED @ https://static.doubleclick.net/instream/ad_status.js:0
[   44701ms] [ERROR] Failed to load resource: net::ERR_NAME_NOT_RESOLVED @ https://googleads.g.doubleclick.net/pagead/id:0
[   44701ms] [ERROR] Failed to load resource: net::ERR_NAME_NOT_RESOLVED @ https://static.doubleclick.net/instream/ad_status.js:0
[   44702ms] [ERROR] Failed to load resource: net::ERR_NAME_NOT_RESOLVED @ https://googleads.g.doubleclick.net/pagead/id:0
[   44702ms] [ERROR] Failed to load resource: net::ERR_NAME_NOT_RESOLVED @ https://static.doubleclick.net/instream/ad_status.js:0
[   44702ms] [ERROR] Failed to load resource: net::ERR_NAME_NOT_RESOLVED @ https://googleads.g.doubleclick.net/pagead/id:0
[   44703ms] [ERROR] Failed to load resource: net::ERR_NAME_NOT_RESOLVED @ https://googleads.g.doubleclick.net/pagead/id:0
[   44703ms] [ERROR] Failed to load resource: net::ERR_NAME_NOT_RESOLVED @ https://static.doubleclick.net/instream/ad_status.js:0
[   44699ms] [ERROR] Failed to load resource: net::ERR_NAME_NOT_RESOLVED @ https://googleads.g.doubleclick.net/pagead/id:0
[   44699ms] [ERROR] Failed to load resource: net::ERR_NAME_NOT_RESOLVED @ https://static.doubleclick.net/instream/ad_status.js:0
[   44700ms] [ERROR] Failed to load resource: net::ERR_NAME_NOT_RESOLVED @ https://static.doubleclick.net/instream/ad_status.js:0
[   44701ms] [ERROR] Failed to load resource: net::ERR_NAME_NOT_RESOLVED @ https://googleads.g.doubleclick.net/pagead/id:0
[   44701ms] [ERROR] Failed to load resource: net::ERR_NAME_NOT_RESOLVED @ https://static.doubleclick.net/instream/ad_status.js:0
[   44701ms] [ERROR] Failed to load resource: net::ERR_NAME_NOT_RESOLVED @ https://googleads.g.doubleclick.net/pagead/id:0
[   44701ms] [ERROR] Failed to load resource: net::ERR_NAME_NOT_RESOLVED @ https://static.doubleclick.net/instream/ad_status.js:0
[   44702ms] [ERROR] Failed to load resource: net::ERR_NAME_NOT_RESOLVED @ https://googleads.g.doubleclick.net/pagead/id:0
[   44702ms] [ERROR] Failed to load resource: net::ERR_NAME_NOT_RESOLVED @ https://static.doubleclick.net/instream/ad_status.js:0
[   44702ms] [ERROR] Failed to load resource: net::ERR_NAME_NOT_RESOLVED @ https://googleads.g.doubleclick.net/pagead/id:0
[   44703ms] [ERROR] Failed to load resource: net::ERR_NAME_NOT_RESOLVED @ https://googleads.g.doubleclick.net/pagead/id:0
[   44703ms] [ERROR] Failed to load resource: net::ERR_NAME_NOT_RESOLVED @ https://static.doubleclick.net/instream/ad_status.js:0
[   44699ms] [ERROR] Failed to load resource: net::ERR_NAME_NOT_RESOLVED @ https://googleads.g.doubleclick.net/pagead/id:0
[   44699ms] [ERROR] Failed to load resource: net::ERR_NAME_NOT_RESOLVED @ https://static.doubleclick.net/instream/ad_status.js:0
[   44700ms] [ERROR] Failed to load resource: net::ERR_NAME_NOT_RESOLVED @ https://static.doubleclick.net/instream/ad_status.js:0
[   44701ms] [ERROR] Failed to load resource: net::ERR_NAME_NOT_RESOLVED @ https://googleads.g.doubleclick.net/pagead/id:0
[   44701ms] [ERROR] Failed to load resource: net::ERR_NAME_NOT_RESOLVED @ https://static.doubleclick.net/instream/ad_status.js:0
[   44701ms] [ERROR] Failed to load resource: net::ERR_NAME_NOT_RESOLVED @ https://googleads.g.doubleclick.net/pagead/id:0
[   44701ms] [ERROR] Failed to load resource: net::ERR_NAME_NOT_RESOLVED @ https://static.doubleclick.net/instream/ad_status.js:0
[   44702ms] [ERROR] Failed to load resource: net::ERR_NAME_NOT_RESOLVED @ https://googleads.g.doubleclick.net/pagead/id:0
[   44702ms] [ERROR] Failed to load resource: net::ERR_NAME_NOT_RESOLVED @ https://static.doubleclick.net/instream/ad_status.js:0
[   44702ms] [ERROR] Failed to load resource: net::ERR_NAME_NOT_RESOLVED @ https://googleads.g.doubleclick.net/pagead/id:0
[   44703ms] [ERROR] Failed to load resource: net::ERR_NAME_NOT_RESOLVED @ https://googleads.g.doubleclick.net/pagead/id:0
[   44703ms] [ERROR] Failed to load resource: net::ERR_NAME_NOT_RESOLVED @ https://static.doubleclick.net/instream/ad_status.js:0
[   44699ms] [ERROR] Failed to load resource: net::ERR_NAME_NOT_RESOLVED @ https://googleads.g.doubleclick.net/pagead/id:0
[   44699ms] [ERROR] Failed to load resource: net::ERR_NAME_NOT_RESOLVED @ https://static.doubleclick.net/instream/ad_status.js:0
[   44700ms] [ERROR] Failed to load resource: net::ERR_NAME_NOT_RESOLVED @ https://static.doubleclick.net/instream/ad_status.js:0
[   44701ms] [ERROR] Failed to load resource: net::ERR_NAME_NOT_RESOLVED @ https://googleads.g.doubleclick.net/pagead/id:0
[   44701ms] [ERROR] Failed to load resource: net::ERR_NAME_NOT_RESOLVED @ https://static.doubleclick.net/instream/ad_status.js:0
[   44701ms] [ERROR] Failed to load resource: net::ERR_NAME_NOT_RESOLVED @ https://googleads.g.doubleclick.net/pagead/id:0
[   44701ms] [ERROR] Failed to load resource: net::ERR_NAME_NOT_RESOLVED @ https://static.doubleclick.net/instream/ad_status.js:0
[   44702ms] [ERROR] Failed to load resource: net::ERR_NAME_NOT_RESOLVED @ https://googleads.g.doubleclick.net/pagead/id:0
[   44702ms] [ERROR] Failed to load resource: net::ERR_NAME_NOT_RESOLVED @ https://static.doubleclick.net/instream/ad_status.js:0
[   44702ms] [ERROR] Failed to load resource: net::ERR_NAME_NOT_RESOLVED @ https://googleads.g.doubleclick.net/pagead/id:0
[   44703ms] [ERROR] Failed to load resource: net::ERR_NAME_NOT_RESOLVED @ https://googleads.g.doubleclick.net/pagead/id:0
[   44703ms] [ERROR] Failed to load resource: net::ERR_NAME_NOT_RESOLVED @ https://static.doubleclick.net/instream/ad_status.js:0
[   44699ms] [ERROR] Failed to load resource: net::ERR_NAME_NOT_RESOLVED @ https://googleads.g.doubleclick.net/pagead/id:0
[   44699ms] [ERROR] Failed to load resource: net::ERR_NAME_NOT_RESOLVED @ https://static.doubleclick.net/instream/ad_status.js:0
[   44700ms] [ERROR] Failed to load resource: net::ERR_NAME_NOT_RESOLVED @ https://static.doubleclick.net/instream/ad_status.js:0
[   44701ms] [ERROR] Failed to load resource: net::ERR_NAME_NOT_RESOLVED @ https://googleads.g.doubleclick.net/pagead/id:0
[   44701ms] [ERROR] Failed to load resource: net::ERR_NAME_NOT_RESOLVED @ https://static.doubleclick.net/instream/ad_status.js:0
[   44701ms] [ERROR] Failed to load resource: net::ERR_NAME_NOT_RESOLVED @ https://googleads.g.doubleclick.net/pagead/id:0
[   44701ms] [ERROR] Failed to load resource: net::ERR_NAME_NOT_RESOLVED @ https://static.doubleclick.net/instream/ad_status.js:0
[   44702ms] [ERROR] Failed to load resource: net::ERR_NAME_NOT_RESOLVED @ https://googleads.g.doubleclick.net/pagead/id:0
[   44702ms] [ERROR] Failed to load resource: net::ERR_NAME_NOT_RESOLVED @ https://static.doubleclick.net/instream/ad_status.js:0
[   44702ms] [ERROR] Failed to load resource: net::ERR_NAME_NOT_RESOLVED @ https://googleads.g.doubleclick.net/pagead/id:0
[   44703ms] [ERROR] Failed to load resource: net::ERR_NAME_NOT_RESOLVED @ https://googleads.g.doubleclick.net/pagead/id:0
[   44703ms] [ERROR] Failed to load resource: net::ERR_NAME_NOT_RESOLVED @ https://static.doubleclick.net/instream/ad_status.js:0
[   44699ms] [ERROR] Failed to load resource: net::ERR_NAME_NOT_RESOLVED @ https://googleads.g.doubleclick.net/pagead/id:0
[   44699ms] [ERROR] Failed to load resource: net::ERR_NAME_NOT_RESOLVED @ https://static.doubleclick.net/instream/ad_status.js:0
[   44700ms] [ERROR] Failed to load resource: net::ERR_NAME_NOT_RESOLVED @ https://static.doubleclick.net/instream/ad_status.js:0
[   44701ms] [ERROR] Failed to load resource: net::ERR_NAME_NOT_RESOLVED @ https://googleads.g.doubleclick.net/pagead/id:0
[   44701ms] [ERROR] Failed to load resource: net::ERR_NAME_NOT_RESOLVED @ https://static.doubleclick.net/instream/ad_status.js:0
[   44701ms] [ERROR] Failed to load resource: net::ERR_NAME_NOT_RESOLVED @ https://googleads.g.doubleclick.net/pagead/id:0
[   44701ms] [ERROR] Failed to load resource: net::ERR_NAME_NOT_RESOLVED @ https://static.doubleclick.net/instream/ad_status.js:0
[   44702ms] [ERROR] Failed to load resource: net::ERR_NAME_NOT_RESOLVED @ https://googleads.g.doubleclick.net/pagead/id:0
[   44702ms] [ERROR] Failed to load resource: net::ERR_NAME_NOT_RESOLVED @ https://static.doubleclick.net/instream/ad_status.js:0
[   44702ms] [ERROR] Failed to load resource: net::ERR_NAME_NOT_RESOLVED @ https://googleads.g.doubleclick.net/pagead/id:0
[   44703ms] [ERROR] Failed to load resource: net::ERR_NAME_NOT_RESOLVED @ https://googleads.g.doubleclick.net/pagead/id:0
[   44703ms] [ERROR] Failed to load resource: net::ERR_NAME_NOT_RESOLVED @ https://static.doubleclick.net/instream/ad_status.js:0
[   44699ms] [ERROR] Failed to load resource: net::ERR_NAME_NOT_RESOLVED @ https://googleads.g.doubleclick.net/pagead/id:0
[   44699ms] [ERROR] Failed to load resource: net::ERR_NAME_NOT_RESOLVED @ https://static.doubleclick.net/instream/ad_status.js:0
[   44700ms] [ERROR] Failed to load resource: net::ERR_NAME_NOT_RESOLVED @ https://static.doubleclick.net/instream/ad_status.js:0
[   44701ms] [ERROR] Failed to load resource: net::ERR_NAME_NOT_RESOLVED @ https://googleads.g.doubleclick.net/pagead/id:0
[   44701ms] [ERROR] Failed to load resource: net::ERR_NAME_NOT_RESOLVED @ https://static.doubleclick.net/instream/ad_status.js:0
[   44701ms] [ERROR] Failed to load resource: net::ERR_NAME_NOT_RESOLVED @ https://googleads.g.doubleclick.net/pagead/id:0
[   44701ms] [ERROR] Failed to load resource: net::ERR_NAME_NOT_RESOLVED @ https://static.doubleclick.net/instream/ad_status.js:0
[   44702ms] [ERROR] Failed to load resource: net::ERR_NAME_NOT_RESOLVED @ https://googleads.g.doubleclick.net/pagead/id:0
[   44702ms] [ERROR] Failed to load resource: net::ERR_NAME_NOT_RESOLVED @ https://static.doubleclick.net/instream/ad_status.js:0
[   44702ms] [ERROR] Failed to load resource: net::ERR_NAME_NOT_RESOLVED @ https://googleads.g.doubleclick.net/pagead/id:0
[   44703ms] [ERROR] Failed to load resource: net::ERR_NAME_NOT_RESOLVED @ https://googleads.g.doubleclick.net/pagead/id:0
[   44703ms] [ERROR] Failed to load resource: net::ERR_NAME_NOT_RESOLVED @ https://static.doubleclick.net/instream/ad_status.js:0
[   44699ms] [ERROR] Failed to load resource: net::ERR_NAME_NOT_RESOLVED @ https://googleads.g.doubleclick.net/pagead/id:0
[   44699ms] [ERROR] Failed to load resource: net::ERR_NAME_NOT_RESOLVED @ https://static.doubleclick.net/instream/ad_status.js:0
[   44700ms] [ERROR] Failed to load resource: net::ERR_NAME_NOT_RESOLVED @ https://static.doubleclick.net/instream/ad_status.js:0
[   44701ms] [ERROR] Failed to load resource: net::ERR_NAME_NOT_RESOLVED @ https://googleads.g.doubleclick.net/pagead/id:0
[   44701ms] [ERROR] Failed to load resource: net::ERR_NAME_NOT_RESOLVED @ https://static.doubleclick.net/instream/ad_status.js:0
[   44701ms] [ERROR] Failed to load resource: net::ERR_NAME_NOT_RESOLVED @ https://googleads.g.doubleclick.net/pagead/id:0
[   44701ms] [ERROR] Failed to load resource: net::ERR_NAME_NOT_RESOLVED @ https://static.doubleclick.net/instream/ad_status.js:0
[   44702ms] [ERROR] Failed to load resource: net::ERR_NAME_NOT_RESOLVED @ https://googleads.g.doubleclick.net/pagead/id:0
[   44702ms] [ERROR] Failed to load resource: net::ERR_NAME_NOT_RESOLVED @ https://static.doubleclick.net/instream/ad_status.js:0
[   44702ms] [ERROR] Failed to load resource: net::ERR_NAME_NOT_RESOLVED @ https://googleads.g.doubleclick.net/pagead/id:0
[   44703ms] [ERROR] Failed to load resource: net::ERR_NAME_NOT_RESOLVED @ https://googleads.g.doubleclick.net/pagead/id:0
[   44703ms] [ERROR] Failed to load resource: net::ERR_NAME_NOT_RESOLVED @ https://static.doubleclick.net/instream/ad_status.js:0
[   44699ms] [ERROR] Failed to load resource: net::ERR_NAME_NOT_RESOLVED @ https://googleads.g.doubleclick.net/pagead/id:0
[   44699ms] [ERROR] Failed to load resource: net::ERR_NAME_NOT_RESOLVED @ https://static.doubleclick.net/instream/ad_status.js:0
[   44700ms] [ERROR] Failed to load resource: net::ERR_NAME_NOT_RESOLVED @ https://static.doubleclick.net/instream/ad_status.js:0
[   44701ms] [ERROR] Failed to load resource: net::ERR_NAME_NOT_RESOLVED @ https://googleads.g.doubleclick.net/pagead/id:0
[   44701ms] [ERROR] Failed to load resource: net::ERR_NAME_NOT_RESOLVED @ https://static.doubleclick.net/instream/ad_status.js:0
[   44701ms] [ERROR] Failed to load resource: net::ERR_NAME_NOT_RESOLVED @ https://googleads.g.doubleclick.net/pagead/id:0
[   44701ms] [ERROR] Failed to load resource: net::ERR_NAME_NOT_RESOLVED @ https://static.doubleclick.net/instream/ad_status.js:0
[   44702ms] [ERROR] Failed to load resource: net::ERR_NAME_NOT_RESOLVED @ https://googleads.g.doubleclick.net/pagead/id:0
[   44702ms] [ERROR] Failed to load resource: net::ERR_NAME_NOT_RESOLVED @ https://static.doubleclick.net/instream/ad_status.js:0
[   44702ms] [ERROR] Failed to load resource: net::ERR_NAME_NOT_RESOLVED @ https://googleads.g.doubleclick.net/pagead/id:0
[   44703ms] [ERROR] Failed to load resource: net::ERR_NAME_NOT_RESOLVED @ https://googleads.g.doubleclick.net/pagead/id:0
[   44703ms] [ERROR] Failed to load resource: net::ERR_NAME_NOT_RESOLVED @ https://static.doubleclick.net/instream/ad_status.js:0
[   67036ms] [ERROR] Failed to load resource: net::ERR_NAME_NOT_RESOLVED @ https://googleads.g.doubleclick.net/pagead/id:0
[   67036ms] [ERROR] Failed to load resource: net::ERR_NAME_NOT_RESOLVED @ https://static.doubleclick.net/instream/ad_status.js:0
[   67057ms] [ERROR] Failed to load resource: net::ERR_NAME_NOT_RESOLVED @ https://googleads.g.doubleclick.net/pagead/id:0
[   67057ms] [ERROR] Failed to load resource: net::ERR_NAME_NOT_RESOLVED @ https://static.doubleclick.net/instream/ad_status.js:0
[   67058ms] [ERROR] Failed to load resource: net::ERR_NAME_NOT_RESOLVED @ https://static.doubleclick.net/instream/ad_status.js:0
[   67058ms] [ERROR] Failed to load resource: net::ERR_NAME_NOT_RESOLVED @ https://googleads.g.doubleclick.net/pagead/id:0
[   67071ms] [ERROR] Failed to load resource: net::ERR_NAME_NOT_RESOLVED @ https://static.doubleclick.net/instream/ad_status.js:0
[   67071ms] [ERROR] Failed to load resource: net::ERR_NAME_NOT_RESOLVED @ https://googleads.g.doubleclick.net/pagead/id:0
[   67188ms] [ERROR] Failed to load resource: net::ERR_NAME_NOT_RESOLVED @ https://googleads.g.doubleclick.net/pagead/id:0
[   67200ms] [ERROR] Failed to load resource: net::ERR_NAME_NOT_RESOLVED @ https://static.doubleclick.net/instream/ad_status.js:0
[   67211ms] [ERROR] Failed to load resource: net::ERR_NAME_NOT_RESOLVED @ https://googleads.g.doubleclick.net/pagead/id:0
[   67211ms] [ERROR] Failed to load resource: net::ERR_NAME_NOT_RESOLVED @ https://static.doubleclick.net/instream/ad_status.js:0
[   67212ms] [ERROR] Failed to load resource: net::ERR_NAME_NOT_RESOLVED @ https://static.doubleclick.net/instream/ad_status.js:0
[   67212ms] [ERROR] Failed to load resource: net::ERR_NAME_NOT_RESOLVED @ https://googleads.g.doubleclick.net/pagead/id:0
[   67213ms] [ERROR] Failed to load resource: net::ERR_NAME_NOT_RESOLVED @ https://static.doubleclick.net/instream/ad_status.js:0
[   67213ms] [ERROR] Failed to load resource: net::ERR_NAME_NOT_RESOLVED @ https://googleads.g.doubleclick.net/pagead/id:0
[   67281ms] [ERROR] Failed to load resource: net::ERR_NAME_NOT_RESOLVED @ https://googleads.g.doubleclick.net/pagead/id:0
[   67281ms] [ERROR] Failed to load resource: net::ERR_NAME_NOT_RESOLVED @ https://static.doubleclick.net/instream/ad_status.js:0
[  164759ms] [ERROR] Failed to load resource: net::ERR_NAME_NOT_RESOLVED @ https://googleads.g.doubleclick.net/pagead/id:0
[  164785ms] [ERROR] Failed to load resource: net::ERR_NAME_NOT_RESOLVED @ https://googleads.g.doubleclick.net/pagead/id:0
[  164813ms] [ERROR] Failed to load resource: net::ERR_NAME_NOT_RESOLVED @ https://googleads.g.doubleclick.net/pagead/id:0
[  164842ms] [ERROR] Failed to load resource: net::ERR_NAME_NOT_RESOLVED @ https://googleads.g.doubleclick.net/pagead/id:0
[  164872ms] [ERROR] Failed to load resource: net::ERR_NAME_NOT_RESOLVED @ https://googleads.g.doubleclick.net/pagead/id:0
[  164902ms] [ERROR] Failed to load resource: net::ERR_NAME_NOT_RESOLVED @ https://googleads.g.doubleclick.net/pagead/id:0
[  187082ms] [ERROR] Failed to load resource: net::ERR_NAME_NOT_RESOLVED @ https://googleads.g.doubleclick.net/pagead/id:0
[  187103ms] [ERROR] Failed to load resource: net::ERR_NAME_NOT_RESOLVED @ https://googleads.g.doubleclick.net/pagead/id:0
[  187121ms] [ERROR] Failed to load resource: net::ERR_NAME_NOT_RESOLVED @ https://googleads.g.doubleclick.net/pagead/id:0
[  187139ms] [ERROR] Failed to load resource: net::ERR_NAME_NOT_RESOLVED @ https://googleads.g.doubleclick.net/pagead/id:0
[  187232ms] [ERROR] Failed to load resource: net::ERR_NAME_NOT_RESOLVED @ https://googleads.g.doubleclick.net/pagead/id:0
[  187260ms] [ERROR] Failed to load resource: net::ERR_NAME_NOT_RESOLVED @ https://googleads.g.doubleclick.net/pagead/id:0
[  187291ms] [ERROR] Failed to load resource: net::ERR_NAME_NOT_RESOLVED @ https://googleads.g.doubleclick.net/pagead/id:0
[  187317ms] [ERROR] Failed to load resource: net::ERR_NAME_NOT_RESOLVED @ https://googleads.g.doubleclick.net/pagead/id:0
[  187340ms] [ERROR] Failed to load resource: net::ERR_NAME_NOT_RESOLVED @ https://googleads.g.doubleclick.net/pagead/id:0
[  284804ms] [ERROR] Failed to load resource: net::ERR_NAME_NOT_RESOLVED @ https://googleads.g.doubleclick.net/pagead/id:0
[  284827ms] [ERROR] Failed to load resource: net::ERR_NAME_NOT_RESOLVED @ https://googleads.g.doubleclick.net/pagead/id:0
[  284842ms] [ERROR] Failed to load resource: net::ERR_NAME_NOT_RESOLVED @ https://googleads.g.doubleclick.net/pagead/id:0
[  284871ms] [ERROR] Failed to load resource: net::ERR_NAME_NOT_RESOLVED @ https://googleads.g.doubleclick.net/pagead/id:0
[  284903ms] [ERROR] Failed to load resource: net::ERR_NAME_NOT_RESOLVED @ https://googleads.g.doubleclick.net/pagead/id:0
[  284929ms] [ERROR] Failed to load resource: net::ERR_NAME_NOT_RESOLVED @ https://googleads.g.doubleclick.net/pagead/id:0
[  307122ms] [ERROR] Failed to load resource: net::ERR_NAME_NOT_RESOLVED @ https://googleads.g.doubleclick.net/pagead/id:0
[  307150ms] [ERROR] Failed to load resource: net::ERR_NAME_NOT_RESOLVED @ https://googleads.g.doubleclick.net/pagead/id:0
[  307170ms] [ERROR] Failed to load resource: net::ERR_NAME_NOT_RESOLVED @ https://googleads.g.doubleclick.net/pagead/id:0
[  307188ms] [ERROR] Failed to load resource: net::ERR_NAME_NOT_RESOLVED @ https://googleads.g.doubleclick.net/pagead/id:0
[  307269ms] [ERROR] Failed to load resource: net::ERR_NAME_NOT_RESOLVED @ https://googleads.g.doubleclick.net/pagead/id:0
[  307288ms] [ERROR] Failed to load resource: net::ERR_NAME_NOT_RESOLVED @ https://googleads.g.doubleclick.net/pagead/id:0
[  307316ms] [ERROR] Failed to load resource: net::ERR_NAME_NOT_RESOLVED @ https://googleads.g.doubleclick.net/pagead/id:0
[  307347ms] [ERROR] Failed to load resource: net::ERR_NAME_NOT_RESOLVED @ https://googleads.g.doubleclick.net/pagead/id:0
[  307370ms] [ERROR] Failed to load resource: net::ERR_NAME_NOT_RESOLVED @ https://googleads.g.doubleclick.net/pagead/id:0
